<?xml version="1.0" encoding="UTF-8" ?>
<testsuites errors="1"
            failures="1"
            tests="1">

  <testsuite name="exampleTest"
    errors="1" failures="1" hostname="" id="" package="exampleTest" skipped="0"
    tests="1" time="16.69" timestamp="">
  
    <testcase name="should find amazon homepage" classname="exampleTest" time="7.622" assertions="3">

    

      <failure message="Expected element &lt;#hmenu-customer-name&gt; to be visible - element was not found - expected &#34;visible&#34; but got: &#34;not found&#34; (5188ms)">    at DescribeInstance.&lt;anonymous&gt; (/home/knoldus/Desktop/demo/test/exampleTest.js:27:26)</failure>

    
    <error message="Unable to locate element: #hmenu-customer-name using css selector" type="error"><![CDATA[
    NoSuchElementError: Unable to locate element: #hmenu-customer-name using css selector
    at throwDecodedError (/home/knoldus/Desktop/demo/node_modules/selenium-webdriver/lib/error.js:524:15)
    at ChromeDriver.handleErrorResponse (/home/knoldus/Desktop/demo/node_modules/nightwatch/lib/transport/selenium-webdriver/index.js:400:7)
    at TransportActions.makeResult (/home/knoldus/Desktop/demo/node_modules/nightwatch/lib/transport/selenium-webdriver/actions.js:85:20)
    at Object.locateMultipleElements (/home/knoldus/Desktop/demo/node_modules/nightwatch/lib/transport/selenium-webdriver/actions.js:71:21)
    at process.processTicksAndRejections (node:internal/process/task_queues:95:5)
    at async LocateElement.findElement (/home/knoldus/Desktop/demo/node_modules/nightwatch/lib/element/locator.js:167:20)
    ]]></error>
    
    </testcase>
  

  
    <system-err>
       NoSuchElementError
   An element could not be located on the page using the given search parameters.

    Try fixing by :
    1. Please inspect the html before the step
    2. Verify if an element with the mentioned selector is present in the DOM tree
    </system-err>
  

    

  
  </testsuite>
</testsuites>
